# JRE version: Java(TM) SE Runtime Environment (8.0_77-b03) (build 1.8.0_77-b03)
# Java VM: Java HotSpot(TM) 64-Bit Server VM (25.77-b03 mixed mode bsd-amd64 compressed oops)
Heap:
 PSYoungGen      total 136192K, used 116993K [0x0000000795580000, 0x00000007a8280000, 0x00000007c0000000)
  eden space 132096K, 85% used [0x0000000795580000,0x000000079c3c5ef0,0x000000079d680000)
  from space 4096K, 99% used [0x000000079d680000,0x000000079da7a760,0x000000079da80000)
  to   space 22016K, 0% used [0x00000007a6d00000,0x00000007a6d00000,0x00000007a8280000)
 ParOldGen       total 87552K, used 36521K [0x0000000740000000, 0x0000000745580000, 0x0000000795580000)
  object space 87552K, 41% used [0x0000000740000000,0x00000007423aa628,0x0000000745580000)
 Metaspace       used 11593K, capacity 11826K, committed 12160K, reserved 1060864K
  class space    used 1516K, capacity 1613K, committed 1664K, reserved 1048576K
GC Heap History (10 events):
Event: 2.816 GC heap before
{Heap before GC invocations=3 (full 0):
 PSYoungGen      total 38400K, used 35901K [0x0000000795580000, 0x000000079a080000, 0x00000007c0000000)
  eden space 33280K, 100% used [0x0000000795580000,0x0000000797600000,0x0000000797600000)
  from space 5120K, 51% used [0x0000000797b00000,0x0000000797d8f620,0x0000000798000000)
  to   space 5120K, 0% used [0x0000000797600000,0x0000000797600000,0x0000000797b00000)
 ParOldGen       total 87552K, used 8K [0x0000000740000000, 0x0000000745580000, 0x0000000795580000)
  object space 87552K, 0% used [0x0000000740000000,0x0000000740002000,0x0000000745580000)
 Metaspace       used 8364K, capacity 8516K, committed 8576K, reserved 1056768K
  class space    used 1065K, capacity 1152K, committed 1152K, reserved 1048576K
Event: 2.830 GC heap after
Heap after GC invocations=3 (full 0):
 PSYoungGen      total 38400K, used 2770K [0x0000000795580000, 0x000000079a080000, 0x00000007c0000000)
  eden space 33280K, 0% used [0x0000000795580000,0x0000000795580000,0x0000000797600000)
  from space 5120K, 54% used [0x0000000797600000,0x00000007978b48c0,0x0000000797b00000)
  to   space 5120K, 0% used [0x0000000799b80000,0x0000000799b80000,0x000000079a080000)
 ParOldGen       total 87552K, used 16K [0x0000000740000000, 0x0000000745580000, 0x0000000795580000)
  object space 87552K, 0% used [0x0000000740000000,0x0000000740004000,0x0000000745580000)
 Metaspace       used 8364K, capacity 8516K, committed 8576K, reserved 1056768K
  class space    used 1065K, capacity 1152K, committed 1152K, reserved 1048576K
}
Event: 2.864 GC heap before
{Heap before GC invocations=4 (full 0):
 PSYoungGen      total 38400K, used 36050K [0x0000000795580000, 0x000000079a080000, 0x00000007c0000000)
  eden space 33280K, 100% used [0x0000000795580000,0x0000000797600000,0x0000000797600000)
  from space 5120K, 54% used [0x0000000797600000,0x00000007978b48c0,0x0000000797b00000)
  to   space 5120K, 0% used [0x0000000799b80000,0x0000000799b80000,0x000000079a080000)
 ParOldGen       total 87552K, used 16K [0x0000000740000000, 0x0000000745580000, 0x0000000795580000)
  object space 87552K, 0% used [0x0000000740000000,0x0000000740004000,0x0000000745580000)
 Metaspace       used 8364K, capacity 8516K, committed 8576K, reserved 1056768K
  class space    used 1065K, capacity 1152K, committed 1152K, reserved 1048576K
Event: 2.870 GC heap after
Heap after GC invocations=4 (full 0):
 PSYoungGen      total 71680K, used 2744K [0x0000000795580000, 0x000000079a080000, 0x00000007c0000000)
  eden space 66560K, 0% used [0x0000000795580000,0x0000000795580000,0x0000000799680000)
  from space 5120K, 53% used [0x0000000799b80000,0x0000000799e2e390,0x000000079a080000)
  to   space 5120K, 0% used [0x0000000799680000,0x0000000799680000,0x0000000799b80000)
 ParOldGen       total 87552K, used 24K [0x0000000740000000, 0x0000000745580000, 0x0000000795580000)
  object space 87552K, 0% used [0x0000000740000000,0x0000000740006000,0x0000000745580000)
 Metaspace       used 8364K, capacity 8516K, committed 8576K, reserved 1056768K
  class space    used 1065K, capacity 1152K, committed 1152K, reserved 1048576K
}
Event: 3.173 GC heap before
{Heap before GC invocations=5 (full 0):
 PSYoungGen      total 71680K, used 69304K [0x0000000795580000, 0x000000079a080000, 0x00000007c0000000)
  eden space 66560K, 100% used [0x0000000795580000,0x0000000799680000,0x0000000799680000)
  from space 5120K, 53% used [0x0000000799b80000,0x0000000799e2e390,0x000000079a080000)
  to   space 5120K, 0% used [0x0000000799680000,0x0000000799680000,0x0000000799b80000)
 ParOldGen       total 87552K, used 24K [0x0000000740000000, 0x0000000745580000, 0x0000000795580000)
  object space 87552K, 0% used [0x0000000740000000,0x0000000740006000,0x0000000745580000)
 Metaspace       used 8406K, capacity 8580K, committed 8832K, reserved 1056768K
  class space    used 1069K, capacity 1152K, committed 1152K, reserved 1048576K
Event: 3.181 GC heap after
Heap after GC invocations=5 (full 0):
 PSYoungGen      total 71680K, used 2799K [0x0000000795580000, 0x000000079dd80000, 0x00000007c0000000)
  eden space 66560K, 0% used [0x0000000795580000,0x0000000795580000,0x0000000799680000)
  from space 5120K, 54% used [0x0000000799680000,0x000000079993be70,0x0000000799b80000)
  to   space 3072K, 0% used [0x000000079da80000,0x000000079da80000,0x000000079dd80000)
 ParOldGen       total 87552K, used 32K [0x0000000740000000, 0x0000000745580000, 0x0000000795580000)
  object space 87552K, 0% used [0x0000000740000000,0x0000000740008000,0x0000000745580000)
 Metaspace       used 8406K, capacity 8580K, committed 8832K, reserved 1056768K
  class space    used 1069K, capacity 1152K, committed 1152K, reserved 1048576K
}
Event: 2088.002 GC heap before
{Heap before GC invocations=6 (full 0):
 PSYoungGen      total 71680K, used 69359K [0x0000000795580000, 0x000000079dd80000, 0x00000007c0000000)
  eden space 66560K, 99% used [0x0000000795580000,0x000000079967ff80,0x0000000799680000)
  from space 5120K, 54% used [0x0000000799680000,0x000000079993be70,0x0000000799b80000)
  to   space 3072K, 0% used [0x000000079da80000,0x000000079da80000,0x000000079dd80000)
 ParOldGen       total 87552K, used 32K [0x0000000740000000, 0x0000000745580000, 0x0000000795580000)
  object space 87552K, 0% used [0x0000000740000000,0x0000000740008000,0x0000000745580000)
 Metaspace       used 11538K, capacity 11762K, committed 11904K, reserved 1058816K
  class space    used 1513K, capacity 1613K, committed 1664K, reserved 1048576K
Event: 2088.007 GC heap after
Heap after GC invocations=6 (full 0):
 PSYoungGen      total 135168K, used 3051K [0x0000000795580000, 0x000000079df80000, 0x00000007c0000000)
  eden space 132096K, 0% used [0x0000000795580000,0x0000000795580000,0x000000079d680000)
  from space 3072K, 99% used [0x000000079da80000,0x000000079dd7ae60,0x000000079dd80000)
  to   space 4096K, 0% used [0x000000079d680000,0x000000079d680000,0x000000079da80000)
 ParOldGen       total 87552K, used 1458K [0x0000000740000000, 0x0000000745580000, 0x0000000795580000)
  object space 87552K, 1% used [0x0000000740000000,0x000000074016ca00,0x0000000745580000)
 Metaspace       used 11538K, capacity 11762K, committed 11904K, reserved 1058816K
  class space    used 1513K, capacity 1613K, committed 1664K, reserved 1048576K
}
Event: 2088.060 GC heap before
{Heap before GC invocations=7 (full 0):
 PSYoungGen      total 135168K, used 135147K [0x0000000795580000, 0x000000079df80000, 0x00000007c0000000)
  eden space 132096K, 100% used [0x0000000795580000,0x000000079d680000,0x000000079d680000)
  from space 3072K, 99% used [0x000000079da80000,0x000000079dd7ae60,0x000000079dd80000)
  to   space 4096K, 0% used [0x000000079d680000,0x000000079d680000,0x000000079da80000)
 ParOldGen       total 87552K, used 1458K [0x0000000740000000, 0x0000000745580000, 0x0000000795580000)
  object space 87552K, 1% used [0x0000000740000000,0x000000074016ca00,0x0000000745580000)
 Metaspace       used 11568K, capacity 11826K, committed 12160K, reserved 1060864K
  class space    used 1514K, capacity 1613K, committed 1664K, reserved 1048576K
Event: 2088.080 GC heap after
Heap after GC invocations=7 (full 0):
 PSYoungGen      total 136192K, used 4073K [0x0000000795580000, 0x00000007a8280000, 0x00000007c0000000)
  eden space 132096K, 0% used [0x0000000795580000,0x0000000795580000,0x000000079d680000)
  from space 4096K, 99% used [0x000000079d680000,0x000000079da7a760,0x000000079da80000)
  to   space 22016K, 0% used [0x00000007a6d00000,0x00000007a6d00000,0x00000007a8280000)
 ParOldGen       total 87552K, used 36521K [0x0000000740000000, 0x0000000745580000, 0x0000000795580000)
  object space 87552K, 41% used [0x0000000740000000,0x00000007423aa628,0x0000000745580000)
 Metaspace       used 11568K, capacity 11826K, committed 12160K, reserved 1060864K
  class space    used 1514K, capacity 1613K, committed 1664K, reserved 1048576K
}

