# JRE version: Java(TM) SE Runtime Environment (8.0_77-b03) (build 1.8.0_77-b03)
# Java VM: Java HotSpot(TM) 64-Bit Server VM (25.77-b03 mixed mode bsd-amd64 compressed oops)
Heap:
 PSYoungGen      total 234496K, used 31623K [0x0000000795580000, 0x00000007b5200000, 0x00000007c0000000)
  eden space 233984K, 13% used [0x0000000795580000,0x0000000797461ee8,0x00000007a3a00000)
  from space 512K, 0% used [0x00000007b5180000,0x00000007b5180000,0x00000007b5200000)
  to   space 1024K, 0% used [0x00000007b5000000,0x00000007b5000000,0x00000007b5100000)
 ParOldGen       total 92672K, used 52144K [0x0000000740000000, 0x0000000745a80000, 0x0000000795580000)
  object space 92672K, 56% used [0x0000000740000000,0x00000007432ec260,0x0000000745a80000)
 Metaspace       used 12094K, capacity 12342K, committed 12672K, reserved 1060864K
  class space    used 1522K, capacity 1607K, committed 1664K, reserved 1048576K
GC Heap History (10 events):
Event: 18303.009 GC heap before
{Heap before GC invocations=75 (full 0):
 PSYoungGen      total 177152K, used 176964K [0x0000000795580000, 0x00000007b5300000, 0x00000007c0000000)
  eden space 176640K, 100% used [0x0000000795580000,0x00000007a0200000,0x00000007a0200000)
  from space 512K, 63% used [0x00000007b5280000,0x00000007b52d10a0,0x00000007b5300000)
  to   space 1024K, 0% used [0x00000007b5100000,0x00000007b5100000,0x00000007b5200000)
 ParOldGen       total 87552K, used 70006K [0x0000000740000000, 0x0000000745580000, 0x0000000795580000)
  object space 87552K, 79% used [0x0000000740000000,0x000000074445d8b8,0x0000000745580000)
 Metaspace       used 12079K, capacity 12264K, committed 12416K, reserved 1060864K
  class space    used 1525K, capacity 1582K, committed 1664K, reserved 1048576K
Event: 18303.013 GC heap after
Heap after GC invocations=75 (full 0):
 PSYoungGen      total 170496K, used 296K [0x0000000795580000, 0x00000007b5300000, 0x00000007c0000000)
  eden space 169472K, 0% used [0x0000000795580000,0x0000000795580000,0x000000079fb00000)
  from space 1024K, 28% used [0x00000007b5100000,0x00000007b514a330,0x00000007b5200000)
  to   space 1024K, 0% used [0x00000007b5200000,0x00000007b5200000,0x00000007b5300000)
 ParOldGen       total 87552K, used 71463K [0x0000000740000000, 0x0000000745580000, 0x0000000795580000)
  object space 87552K, 81% used [0x0000000740000000,0x00000007445c9e68,0x0000000745580000)
 Metaspace       used 12079K, capacity 12264K, committed 12416K, reserved 1060864K
  class space    used 1525K, capacity 1582K, committed 1664K, reserved 1048576K
}
Event: 18303.162 GC heap before
{Heap before GC invocations=76 (full 0):
 PSYoungGen      total 170496K, used 169768K [0x0000000795580000, 0x00000007b5300000, 0x00000007c0000000)
  eden space 169472K, 100% used [0x0000000795580000,0x000000079fb00000,0x000000079fb00000)
  from space 1024K, 28% used [0x00000007b5100000,0x00000007b514a330,0x00000007b5200000)
  to   space 1024K, 0% used [0x00000007b5200000,0x00000007b5200000,0x00000007b5300000)
 ParOldGen       total 87552K, used 71463K [0x0000000740000000, 0x0000000745580000, 0x0000000795580000)
  object space 87552K, 81% used [0x0000000740000000,0x00000007445c9e68,0x0000000745580000)
 Metaspace       used 12090K, capacity 12328K, committed 12672K, reserved 1060864K
  class space    used 1525K, capacity 1582K, committed 1664K, reserved 1048576K
Event: 18303.167 GC heap after
Heap after GC invocations=76 (full 0):
 PSYoungGen      total 204288K, used 269K [0x0000000795580000, 0x00000007b5280000, 0x00000007c0000000)
  eden space 203776K, 0% used [0x0000000795580000,0x0000000795580000,0x00000007a1c80000)
  from space 512K, 52% used [0x00000007b5200000,0x00000007b52435c0,0x00000007b5280000)
  to   space 1024K, 0% used [0x00000007b5080000,0x00000007b5080000,0x00000007b5180000)
 ParOldGen       total 87552K, used 75819K [0x0000000740000000, 0x0000000745580000, 0x0000000795580000)
  object space 87552K, 86% used [0x0000000740000000,0x0000000744a0af78,0x0000000745580000)
 Metaspace       used 12090K, capacity 12328K, committed 12672K, reserved 1060864K
  class space    used 1525K, capacity 1582K, committed 1664K, reserved 1048576K
}
Event: 18303.445 GC heap before
{Heap before GC invocations=77 (full 0):
 PSYoungGen      total 204288K, used 204045K [0x0000000795580000, 0x00000007b5280000, 0x00000007c0000000)
  eden space 203776K, 100% used [0x0000000795580000,0x00000007a1c80000,0x00000007a1c80000)
  from space 512K, 52% used [0x00000007b5200000,0x00000007b52435c0,0x00000007b5280000)
  to   space 1024K, 0% used [0x00000007b5080000,0x00000007b5080000,0x00000007b5180000)
 ParOldGen       total 87552K, used 75819K [0x0000000740000000, 0x0000000745580000, 0x0000000795580000)
  object space 87552K, 86% used [0x0000000740000000,0x0000000744a0af78,0x0000000745580000)
 Metaspace       used 12103K, capacity 12328K, committed 12672K, reserved 1060864K
  class space    used 1525K, capacity 1582K, committed 1664K, reserved 1048576K
Event: 18303.449 GC heap after
Heap after GC invocations=77 (full 0):
 PSYoungGen      total 245760K, used 296K [0x0000000795580000, 0x00000007b5280000, 0x00000007c0000000)
  eden space 244736K, 0% used [0x0000000795580000,0x0000000795580000,0x00000007a4480000)
  from space 1024K, 28% used [0x00000007b5080000,0x00000007b50ca330,0x00000007b5180000)
  to   space 1024K, 0% used [0x00000007b5180000,0x00000007b5180000,0x00000007b5280000)
 ParOldGen       total 87552K, used 80160K [0x0000000740000000, 0x0000000745580000, 0x0000000795580000)
  object space 87552K, 91% used [0x0000000740000000,0x0000000744e48088,0x0000000745580000)
 Metaspace       used 12103K, capacity 12328K, committed 12672K, reserved 1060864K
  class space    used 1525K, capacity 1582K, committed 1664K, reserved 1048576K
}
Event: 18843.165 GC heap before
{Heap before GC invocations=78 (full 0):
 PSYoungGen      total 245760K, used 245032K [0x0000000795580000, 0x00000007b5280000, 0x00000007c0000000)
  eden space 244736K, 100% used [0x0000000795580000,0x00000007a4480000,0x00000007a4480000)
  from space 1024K, 28% used [0x00000007b5080000,0x00000007b50ca330,0x00000007b5180000)
  to   space 1024K, 0% used [0x00000007b5180000,0x00000007b5180000,0x00000007b5280000)
 ParOldGen       total 87552K, used 80160K [0x0000000740000000, 0x0000000745580000, 0x0000000795580000)
  object space 87552K, 91% used [0x0000000740000000,0x0000000744e48088,0x0000000745580000)
 Metaspace       used 12103K, capacity 12328K, committed 12672K, reserved 1060864K
  class space    used 1525K, capacity 1582K, committed 1664K, reserved 1048576K
Event: 18843.168 GC heap after
Heap after GC invocations=78 (full 0):
 PSYoungGen      total 234496K, used 319K [0x0000000795580000, 0x00000007b5200000, 0x00000007c0000000)
  eden space 233984K, 0% used [0x0000000795580000,0x0000000795580000,0x00000007a3a00000)
  from space 512K, 62% used [0x00000007b5180000,0x00000007b51cfe10,0x00000007b5200000)
  to   space 1024K, 0% used [0x00000007b5000000,0x00000007b5000000,0x00000007b5100000)
 ParOldGen       total 87552K, used 84500K [0x0000000740000000, 0x0000000745580000, 0x0000000795580000)
  object space 87552K, 96% used [0x0000000740000000,0x0000000745285198,0x0000000745580000)
 Metaspace       used 12103K, capacity 12328K, committed 12672K, reserved 1060864K
  class space    used 1525K, capacity 1582K, committed 1664K, reserved 1048576K
}
Event: 18843.169 GC heap before
{Heap before GC invocations=79 (full 1):
 PSYoungGen      total 234496K, used 319K [0x0000000795580000, 0x00000007b5200000, 0x00000007c0000000)
  eden space 233984K, 0% used [0x0000000795580000,0x0000000795580000,0x00000007a3a00000)
  from space 512K, 62% used [0x00000007b5180000,0x00000007b51cfe10,0x00000007b5200000)
  to   space 1024K, 0% used [0x00000007b5000000,0x00000007b5000000,0x00000007b5100000)
 ParOldGen       total 87552K, used 84500K [0x0000000740000000, 0x0000000745580000, 0x0000000795580000)
  object space 87552K, 96% used [0x0000000740000000,0x0000000745285198,0x0000000745580000)
 Metaspace       used 12103K, capacity 12328K, committed 12672K, reserved 1060864K
  class space    used 1525K, capacity 1582K, committed 1664K, reserved 1048576K
Event: 18843.265 GC heap after
Heap after GC invocations=79 (full 1):
 PSYoungGen      total 234496K, used 0K [0x0000000795580000, 0x00000007b5200000, 0x00000007c0000000)
  eden space 233984K, 0% used [0x0000000795580000,0x0000000795580000,0x00000007a3a00000)
  from space 512K, 0% used [0x00000007b5180000,0x00000007b5180000,0x00000007b5200000)
  to   space 1024K, 0% used [0x00000007b5000000,0x00000007b5000000,0x00000007b5100000)
 ParOldGen       total 92672K, used 52144K [0x0000000740000000, 0x0000000745a80000, 0x0000000795580000)
  object space 92672K, 56% used [0x0000000740000000,0x00000007432ec260,0x0000000745a80000)
 Metaspace       used 12092K, capacity 12310K, committed 12672K, reserved 1060864K
  class space    used 1521K, capacity 1575K, committed 1664K, reserved 1048576K
}

