# JRE version: Java(TM) SE Runtime Environment (8.0_77-b03) (build 1.8.0_77-b03)
# Java VM: Java HotSpot(TM) 64-Bit Server VM (25.77-b03 mixed mode bsd-amd64 compressed oops)
Heap:
 PSYoungGen      total 440832K, used 12990K [0x0000000795580000, 0x00000007b2800000, 0x00000007c0000000)
  eden space 404992K, 3% used [0x0000000795580000,0x000000079622faa0,0x00000007ae100000)
  from space 35840K, 0% used [0x00000007b0500000,0x00000007b0500000,0x00000007b2800000)
  to   space 36352K, 0% used [0x00000007ae100000,0x00000007ae100000,0x00000007b0480000)
 ParOldGen       total 137728K, used 78304K [0x0000000740000000, 0x0000000748680000, 0x0000000795580000)
  object space 137728K, 56% used [0x0000000740000000,0x0000000744c783f8,0x0000000748680000)
 Metaspace       used 11797K, capacity 12014K, committed 12160K, reserved 1060864K
  class space    used 1528K, capacity 1607K, committed 1664K, reserved 1048576K
GC Heap History (10 events):
Event: 6.790 GC heap before
{Heap before GC invocations=7 (full 0):
 PSYoungGen      total 135168K, used 135156K [0x0000000795580000, 0x000000079df80000, 0x00000007c0000000)
  eden space 132096K, 100% used [0x0000000795580000,0x000000079d680000,0x000000079d680000)
  from space 3072K, 99% used [0x000000079da80000,0x000000079dd7d1e0,0x000000079dd80000)
  to   space 4096K, 0% used [0x000000079d680000,0x000000079d680000,0x000000079da80000)
 ParOldGen       total 87552K, used 1397K [0x0000000740000000, 0x0000000745580000, 0x0000000795580000)
  object space 87552K, 1% used [0x0000000740000000,0x000000074015d4d0,0x0000000745580000)
 Metaspace       used 11318K, capacity 11514K, committed 11648K, reserved 1058816K
  class space    used 1508K, capacity 1613K, committed 1664K, reserved 1048576K
Event: 6.815 GC heap after
Heap after GC invocations=7 (full 0):
 PSYoungGen      total 136192K, used 4069K [0x0000000795580000, 0x00000007a8580000, 0x00000007c0000000)
  eden space 132096K, 0% used [0x0000000795580000,0x0000000795580000,0x000000079d680000)
  from space 4096K, 99% used [0x000000079d680000,0x000000079da79770,0x000000079da80000)
  to   space 23552K, 0% used [0x00000007a6e80000,0x00000007a6e80000,0x00000007a8580000)
 ParOldGen       total 87552K, used 39884K [0x0000000740000000, 0x0000000745580000, 0x0000000795580000)
  object space 87552K, 45% used [0x0000000740000000,0x00000007426f30b8,0x0000000745580000)
 Metaspace       used 11318K, capacity 11514K, committed 11648K, reserved 1058816K
  class space    used 1508K, capacity 1613K, committed 1664K, reserved 1048576K
}
Event: 6.850 GC heap before
{Heap before GC invocations=8 (full 0):
 PSYoungGen      total 136192K, used 136165K [0x0000000795580000, 0x00000007a8580000, 0x00000007c0000000)
  eden space 132096K, 100% used [0x0000000795580000,0x000000079d680000,0x000000079d680000)
  from space 4096K, 99% used [0x000000079d680000,0x000000079da79770,0x000000079da80000)
  to   space 23552K, 0% used [0x00000007a6e80000,0x00000007a6e80000,0x00000007a8580000)
 ParOldGen       total 87552K, used 39884K [0x0000000740000000, 0x0000000745580000, 0x0000000795580000)
  object space 87552K, 45% used [0x0000000740000000,0x00000007426f30b8,0x0000000745580000)
 Metaspace       used 11365K, capacity 11642K, committed 11904K, reserved 1058816K
  class space    used 1510K, capacity 1613K, committed 1664K, reserved 1048576K
Event: 6.874 GC heap after
Heap after GC invocations=8 (full 0):
 PSYoungGen      total 276480K, used 23538K [0x0000000795580000, 0x00000007a9b80000, 0x00000007c0000000)
  eden space 252928K, 0% used [0x0000000795580000,0x0000000795580000,0x00000007a4c80000)
  from space 23552K, 99% used [0x00000007a6e80000,0x00000007a857c8f0,0x00000007a8580000)
  to   space 34816K, 0% used [0x00000007a4c80000,0x00000007a4c80000,0x00000007a6e80000)
 ParOldGen       total 87552K, used 53804K [0x0000000740000000, 0x0000000745580000, 0x0000000795580000)
  object space 87552K, 61% used [0x0000000740000000,0x000000074348b2a8,0x0000000745580000)
 Metaspace       used 11365K, capacity 11642K, committed 11904K, reserved 1058816K
  class space    used 1510K, capacity 1613K, committed 1664K, reserved 1048576K
}
Event: 39.729 GC heap before
{Heap before GC invocations=9 (full 0):
 PSYoungGen      total 276480K, used 276466K [0x0000000795580000, 0x00000007a9b80000, 0x00000007c0000000)
  eden space 252928K, 100% used [0x0000000795580000,0x00000007a4c80000,0x00000007a4c80000)
  from space 23552K, 99% used [0x00000007a6e80000,0x00000007a857c8f0,0x00000007a8580000)
  to   space 34816K, 0% used [0x00000007a4c80000,0x00000007a4c80000,0x00000007a6e80000)
 ParOldGen       total 87552K, used 53804K [0x0000000740000000, 0x0000000745580000, 0x0000000795580000)
  object space 87552K, 61% used [0x0000000740000000,0x000000074348b2a8,0x0000000745580000)
 Metaspace       used 11672K, capacity 11904K, committed 12160K, reserved 1060864K
  class space    used 1524K, capacity 1614K, committed 1664K, reserved 1048576K
Event: 39.743 GC heap after
Heap after GC invocations=9 (full 0):
 PSYoungGen      total 287744K, used 23661K [0x0000000795580000, 0x00000007b2900000, 0x00000007c0000000)
  eden space 252928K, 0% used [0x0000000795580000,0x0000000795580000,0x00000007a4c80000)
  from space 34816K, 67% used [0x00000007a4c80000,0x00000007a639b490,0x00000007a6e80000)
  to   space 36864K, 0% used [0x00000007b0500000,0x00000007b0500000,0x00000007b2900000)
 ParOldGen       total 87552K, used 55200K [0x0000000740000000, 0x0000000745580000, 0x0000000795580000)
  object space 87552K, 63% used [0x0000000740000000,0x00000007435e8058,0x0000000745580000)
 Metaspace       used 11672K, capacity 11904K, committed 12160K, reserved 1060864K
  class space    used 1524K, capacity 1614K, committed 1664K, reserved 1048576K
}
Event: 10744.681 GC heap before
{Heap before GC invocations=10 (full 0):
 PSYoungGen      total 287744K, used 276589K [0x0000000795580000, 0x00000007b2900000, 0x00000007c0000000)
  eden space 252928K, 100% used [0x0000000795580000,0x00000007a4c80000,0x00000007a4c80000)
  from space 34816K, 67% used [0x00000007a4c80000,0x00000007a639b490,0x00000007a6e80000)
  to   space 36864K, 0% used [0x00000007b0500000,0x00000007b0500000,0x00000007b2900000)
 ParOldGen       total 87552K, used 55200K [0x0000000740000000, 0x0000000745580000, 0x0000000795580000)
  object space 87552K, 63% used [0x0000000740000000,0x00000007435e8058,0x0000000745580000)
 Metaspace       used 11807K, capacity 12032K, committed 12160K, reserved 1060864K
  class space    used 1531K, capacity 1614K, committed 1664K, reserved 1048576K
Event: 10744.714 GC heap after
Heap after GC invocations=10 (full 0):
 PSYoungGen      total 440832K, used 2275K [0x0000000795580000, 0x00000007b2800000, 0x00000007c0000000)
  eden space 404992K, 0% used [0x0000000795580000,0x0000000795580000,0x00000007ae100000)
  from space 35840K, 6% used [0x00000007b0500000,0x00000007b0738cc0,0x00000007b2800000)
  to   space 36352K, 0% used [0x00000007ae100000,0x00000007ae100000,0x00000007b0480000)
 ParOldGen       total 87552K, used 76931K [0x0000000740000000, 0x0000000745580000, 0x0000000795580000)
  object space 87552K, 87% used [0x0000000740000000,0x0000000744b20fa8,0x0000000745580000)
 Metaspace       used 11807K, capacity 12032K, committed 12160K, reserved 1060864K
  class space    used 1531K, capacity 1614K, committed 1664K, reserved 1048576K
}
Event: 10744.714 GC heap before
{Heap before GC invocations=11 (full 1):
 PSYoungGen      total 440832K, used 2275K [0x0000000795580000, 0x00000007b2800000, 0x00000007c0000000)
  eden space 404992K, 0% used [0x0000000795580000,0x0000000795580000,0x00000007ae100000)
  from space 35840K, 6% used [0x00000007b0500000,0x00000007b0738cc0,0x00000007b2800000)
  to   space 36352K, 0% used [0x00000007ae100000,0x00000007ae100000,0x00000007b0480000)
 ParOldGen       total 87552K, used 76931K [0x0000000740000000, 0x0000000745580000, 0x0000000795580000)
  object space 87552K, 87% used [0x0000000740000000,0x0000000744b20fa8,0x0000000745580000)
 Metaspace       used 11807K, capacity 12032K, committed 12160K, reserved 1060864K
  class space    used 1531K, capacity 1614K, committed 1664K, reserved 1048576K
Event: 10744.852 GC heap after
Heap after GC invocations=11 (full 1):
 PSYoungGen      total 440832K, used 0K [0x0000000795580000, 0x00000007b2800000, 0x00000007c0000000)
  eden space 404992K, 0% used [0x0000000795580000,0x0000000795580000,0x00000007ae100000)
  from space 35840K, 0% used [0x00000007b0500000,0x00000007b0500000,0x00000007b2800000)
  to   space 36352K, 0% used [0x00000007ae100000,0x00000007ae100000,0x00000007b0480000)
 ParOldGen       total 137728K, used 78304K [0x0000000740000000, 0x0000000748680000, 0x0000000795580000)
  object space 137728K, 56% used [0x0000000740000000,0x0000000744c783f8,0x0000000748680000)
 Metaspace       used 11796K, capacity 12014K, committed 12160K, reserved 1060864K
  class space    used 1528K, capacity 1607K, committed 1664K, reserved 1048576K
}

